2024-07-29 04:22:22 - MyLogger - DEBUG - gRPC Server started on port 50051
2024-07-29 04:22:26 - urllib3.connectionpool - DEBUG - Starting new HTTP connection (1): de.yunpoc.edu.tw:3000
2024-07-29 04:22:26 - urllib3.connectionpool - DEBUG - http://de.yunpoc.edu.tw:3000 "POST /fido2/register/begin HTTP/1.1" 200 1460
2024-07-29 04:22:33 - urllib3.connectionpool - DEBUG - Starting new HTTP connection (1): de.yunpoc.edu.tw:3000
2024-07-29 04:22:33 - urllib3.connectionpool - DEBUG - http://de.yunpoc.edu.tw:3000 "POST /fido2/register/complete HTTP/1.1" 200 60
2024-07-29 04:22:33 - MyLogger - INFO - Inserted new credential data.
2024-07-29 04:24:14 - urllib3.connectionpool - DEBUG - Starting new HTTP connection (1): de.yunpoc.edu.tw:3000
2024-07-29 04:24:14 - urllib3.connectionpool - DEBUG - http://de.yunpoc.edu.tw:3000 "POST /fido2/register/begin HTTP/1.1" 200 1460
2024-07-29 04:24:21 - urllib3.connectionpool - DEBUG - Starting new HTTP connection (1): de.yunpoc.edu.tw:3000
2024-07-29 04:24:21 - urllib3.connectionpool - DEBUG - http://de.yunpoc.edu.tw:3000 "POST /fido2/register/complete HTTP/1.1" 200 51
2024-07-29 04:24:21 - MyLogger - INFO - 使用者已被註冊
2024-07-29 04:24:25 - urllib3.connectionpool - DEBUG - Starting new HTTP connection (1): de.yunpoc.edu.tw:3000
2024-07-29 04:24:25 - urllib3.connectionpool - DEBUG - http://de.yunpoc.edu.tw:3000 "POST /fido2/register/begin HTTP/1.1" 200 1460
2024-07-29 04:24:37 - urllib3.connectionpool - DEBUG - Starting new HTTP connection (1): de.yunpoc.edu.tw:3000
2024-07-29 04:24:37 - urllib3.connectionpool - DEBUG - http://de.yunpoc.edu.tw:3000 "POST /fido2/register/complete HTTP/1.1" 200 51
2024-07-29 04:24:37 - MyLogger - INFO - 使用者已被註冊
2024-07-29 04:25:15 - urllib3.connectionpool - DEBUG - Starting new HTTP connection (1): de.yunpoc.edu.tw:3000
2024-07-29 04:25:15 - urllib3.connectionpool - DEBUG - http://de.yunpoc.edu.tw:3000 "POST /fido2/register/begin HTTP/1.1" 200 1460
2024-07-29 04:25:23 - urllib3.connectionpool - DEBUG - Starting new HTTP connection (1): de.yunpoc.edu.tw:3000
2024-07-29 04:25:23 - urllib3.connectionpool - DEBUG - http://de.yunpoc.edu.tw:3000 "POST /fido2/register/complete HTTP/1.1" 200 48
2024-07-29 04:25:23 - MyLogger - INFO - Register Success 
